  0:00 ------------------------------------------------------------
  0:00 InitGame: \com_maxclients\18\fs_game\mods/BuildOrbit-TS\g_gametype\dm\g_randomSeed\0\gamename\PT6MP\mapname\mp_raid\playlist_enabled\0\playlist_entry\0\protocol\2091\scr_team_fftype\0\shortversion\r5246\sv_allowAimAssist\1\sv_allowAnonymous\0\sv_clientFpsLimit\0\sv_disableClientConsole\0\sv_hostname\Private Match\sv_maxclients\12\sv_maxPing\0\sv_minPing\0\sv_patch_dsr50\0\sv_privateClients\0\sv_privateClientsForClients\0\sv_pure\0\sv_voice\1
  0:00 InitGame: \com_maxclients\18\fs_game\mods/BuildOrbit-TS\g_gametype\dm\g_randomSeed\0\gamename\PT6MP\mapname\mp_raid\playlist_enabled\0\playlist_entry\0\protocol\2091\scr_team_fftype\0\shortversion\r5246\sv_allowAimAssist\1\sv_allowAnonymous\0\sv_clientFpsLimit\0\sv_disableClientConsole\0\sv_hostname\Private Match\sv_maxclients\12\sv_maxPing\0\sv_minPing\0\sv_patch_dsr50\0\sv_privateClients\0\sv_privateClientsForClients\0\sv_pure\0\sv_voice\1\g_logTimeStampInSeconds\0
  0:00 J;5945358;0;Obey Vuqe
  0:10 J;0;1;[^2FFA^7]NPC_MainCharacter
  0:10 J;0;2;[^2FFA^7]PingLordSupreme
  0:10 J;0;3;[^2FFA^7]DefinitelyNotABot
  0:10 J;0;4;[^2FFA^7]AFKSinceBirth
  0:10 J;0;5;[^2FFA^7]RespawnSpeedrunner
  0:10 J;0;6;[^2FFA^7]SneakyPotato
  0:10 J;0;7;[^2FFA^7]MicrowaveSniper
  0:11 J;0;8;[^2FFA^7]ToasterWithAim
  0:11 J;0;9;[^2FFA^7]404SkillNotFound
  0:11 J;0;10;[^2FFA^7]RunsIntoWalls
  0:11 J;0;11;[^2FFA^7]LeftClickLegend
  0:11 J;0;12;[^2FFA^7]CrouchSpamEnjoyer
  0:11 J;0;13;[^2FFA^7]AimPoweredByHope
  0:11 J;0;14;[^2FFA^7]PacketLossWizard
  0:11 J;0;15;[^2FFA^7]KeyboardChewer
  0:11 J;0;16;[^2FFA^7]SirCrashesAlot
  0:11 J;0;17;[^2FFA^7]LaggyMcNugget
  0:16 K;0;2;allies;[^2FFA^7]PingLordSupreme;0;8;allies;[^2FFA^7]ToasterWithAim;knife_mp;999;MOD_MELEE;head
  0:16 K;0;1;axis;[^2FFA^7]NPC_MainCharacter;0;5;allies;[^2FFA^7]RespawnSpeedrunner;knife_mp;999;MOD_MELEE;head
  0:18 K;0;9;axis;[^2FFA^7]404SkillNotFound;0;6;axis;[^2FFA^7]SneakyPotato;knife_mp;999;MOD_MELEE;head
  0:18 K;0;16;allies;[^2FFA^7]SirCrashesAlot;0;4;allies;[^2FFA^7]AFKSinceBirth;knife_mp;999;MOD_MELEE;torso_upper
  0:19 K;0;4;allies;[^2FFA^7]AFKSinceBirth;0;6;axis;[^2FFA^7]SneakyPotato;knife_mp;999;MOD_MELEE;head
  0:20 K;0;11;axis;[^2FFA^7]LeftClickLegend;0;7;axis;[^2FFA^7]MicrowaveSniper;knife_mp;999;MOD_MELEE;head
  0:22 K;5945358;0;axis;Obey Vuqe;;-1;world;;none;10000;MOD_TRIGGER_HURT;none
  0:23 K;0;12;allies;[^2FFA^7]CrouchSpamEnjoyer;0;14;axis;[^2FFA^7]PacketLossWizard;knife_mp;999;MOD_MELEE;head
  0:24 K;0;5;allies;[^2FFA^7]RespawnSpeedrunner;0;7;axis;[^2FFA^7]MicrowaveSniper;knife_mp;999;MOD_MELEE;head
  0:24 K;0;15;allies;[^2FFA^7]KeyboardChewer;0;14;axis;[^2FFA^7]PacketLossWizard;knife_mp;999;MOD_MELEE;neck
  0:25 K;0;17;axis;[^2FFA^7]LaggyMcNugget;0;1;axis;[^2FFA^7]NPC_MainCharacter;knife_mp;999;MOD_MELEE;head
  0:25 K;0;7;axis;[^2FFA^7]MicrowaveSniper;0;2;allies;[^2FFA^7]PingLordSupreme;knife_mp;999;MOD_MELEE;head
  0:26 Weapon;0;2;PingLordSupreme;scavenger_item_mp
  0:27 K;0;14;axis;[^2FFA^7]PacketLossWizard;0;2;allies;[^2FFA^7]PingLordSupreme;knife_mp;999;MOD_MELEE;head
  0:27 Weapon;0;2;PingLordSupreme;scavenger_item_mp
  0:28 K;0;13;axis;[^2FFA^7]AimPoweredByHope;0;1;axis;[^2FFA^7]NPC_MainCharacter;knife_mp;999;MOD_MELEE;neck
  0:29 K;0;6;axis;[^2FFA^7]SneakyPotato;0;9;axis;[^2FFA^7]404SkillNotFound;knife_mp;999;MOD_MELEE;head
  0:30 K;0;17;axis;[^2FFA^7]LaggyMcNugget;0;8;allies;[^2FFA^7]ToasterWithAim;knife_mp;999;MOD_MELEE;head
  0:30 K;0;10;axis;[^2FFA^7]RunsIntoWalls;0;2;allies;[^2FFA^7]PingLordSupreme;knife_mp;999;MOD_MELEE;head
  0:30 Weapon;0;2;PingLordSupreme;scavenger_item_mp
  0:33 K;0;1;axis;[^2FFA^7]NPC_MainCharacter;0;4;allies;[^2FFA^7]AFKSinceBirth;knife_mp;999;MOD_MELEE;head
  0:33 K;0;9;axis;[^2FFA^7]404SkillNotFound;0;12;allies;[^2FFA^7]CrouchSpamEnjoyer;knife_mp;999;MOD_MELEE;head
  0:35 K;0;7;axis;[^2FFA^7]MicrowaveSniper;0;14;axis;[^2FFA^7]PacketLossWizard;knife_mp;999;MOD_MELEE;head
  0:35 K;0;12;allies;[^2FFA^7]CrouchSpamEnjoyer;0;11;axis;[^2FFA^7]LeftClickLegend;knife_mp;999;MOD_MELEE;torso_upper
  0:35 K;0;4;allies;[^2FFA^7]AFKSinceBirth;0;8;allies;[^2FFA^7]ToasterWithAim;knife_mp;999;MOD_MELEE;right_leg_upper
  0:36 K;0;16;allies;[^2FFA^7]SirCrashesAlot;0;3;axis;[^2FFA^7]DefinitelyNotABot;knife_mp;999;MOD_MELEE;head
  0:36 K;0;2;allies;[^2FFA^7]PingLordSupreme;0;14;axis;[^2FFA^7]PacketLossWizard;knife_mp;999;MOD_MELEE;head
  0:37 K;0;13;axis;[^2FFA^7]AimPoweredByHope;0;8;allies;[^2FFA^7]ToasterWithAim;knife_mp;999;MOD_MELEE;right_arm_upper
  0:38 K;0;3;axis;[^2FFA^7]DefinitelyNotABot;0;11;axis;[^2FFA^7]LeftClickLegend;knife_mp;999;MOD_MELEE;head
  0:39 K;0;12;allies;[^2FFA^7]CrouchSpamEnjoyer;0;17;axis;[^2FFA^7]LaggyMcNugget;knife_mp;999;MOD_MELEE;head
  0:39 Weapon;0;17;LaggyMcNugget;scavenger_item_mp
  0:39 K;0;11;axis;[^2FFA^7]LeftClickLegend;0;15;allies;[^2FFA^7]KeyboardChewer;knife_mp;999;MOD_MELEE;head
  0:40 K;0;15;allies;[^2FFA^7]KeyboardChewer;0;5;allies;[^2FFA^7]RespawnSpeedrunner;knife_mp;999;MOD_MELEE;head
  0:41 K;5945358;0;axis;Obey Vuqe;;-1;world;;none;10000;MOD_TRIGGER_HURT;none
  0:42 K;0;5;allies;[^2FFA^7]RespawnSpeedrunner;0;1;axis;[^2FFA^7]NPC_MainCharacter;knife_mp;999;MOD_MELEE;head
  0:47 K;0;2;allies;[^2FFA^7]PingLordSupreme;0;15;allies;[^2FFA^7]KeyboardChewer;knife_mp;999;MOD_MELEE;neck
  0:48 K;0;11;axis;[^2FFA^7]LeftClickLegend;0;6;axis;[^2FFA^7]SneakyPotato;knife_mp;999;MOD_MELEE;neck
  0:48 K;0;17;axis;[^2FFA^7]LaggyMcNugget;0;6;axis;[^2FFA^7]SneakyPotato;knife_mp;999;MOD_MELEE;head
  0:52 K;0;12;allies;[^2FFA^7]CrouchSpamEnjoyer;0;9;axis;[^2FFA^7]404SkillNotFound;knife_mp;999;MOD_MELEE;head
  0:52 K;0;8;allies;[^2FFA^7]ToasterWithAim;0;4;allies;[^2FFA^7]AFKSinceBirth;knife_mp;999;MOD_MELEE;torso_upper
  0:53 K;0;4;allies;[^2FFA^7]AFKSinceBirth;0;13;axis;[^2FFA^7]AimPoweredByHope;knife_mp;999;MOD_MELEE;head
  0:53 Weapon;0;13;AimPoweredByHope;scavenger_item_mp
  0:53 K;0;13;axis;[^2FFA^7]AimPoweredByHope;0;1;axis;[^2FFA^7]NPC_MainCharacter;knife_mp;999;MOD_MELEE;head
  0:55 K;5945358;0;axis;Obey Vuqe;0;7;axis;[^2FFA^7]MicrowaveSniper;knife_mp;999;MOD_MELEE;head
  0:57 K;0;6;axis;[^2FFA^7]SneakyPotato;0;15;allies;[^2FFA^7]KeyboardChewer;knife_mp;999;MOD_MELEE;head
  0:58 K;0;15;allies;[^2FFA^7]KeyboardChewer;0;9;axis;[^2FFA^7]404SkillNotFound;knife_mp;999;MOD_MELEE;head
  0:59 K;0;16;allies;[^2FFA^7]SirCrashesAlot;0;2;allies;[^2FFA^7]PingLordSupreme;knife_mp;999;MOD_MELEE;head
  0:59 K;0;9;axis;[^2FFA^7]404SkillNotFound;0;1;axis;[^2FFA^7]NPC_MainCharacter;knife_mp;999;MOD_MELEE;torso_upper
  0:59 Weapon;0;2;PingLordSupreme;scavenger_item_mp
  0:59 K;0;17;axis;[^2FFA^7]LaggyMcNugget;0;5;allies;[^2FFA^7]RespawnSpeedrunner;knife_mp;999;MOD_MELEE;head
  0:59 Weapon;0;5;RespawnSpeedrunner;scavenger_item_mp
  1:01 K;0;11;axis;[^2FFA^7]LeftClickLegend;0;5;allies;[^2FFA^7]RespawnSpeedrunner;knife_mp;999;MOD_MELEE;head
  1:03 K;0;14;axis;[^2FFA^7]PacketLossWizard;0;1;axis;[^2FFA^7]NPC_MainCharacter;knife_mp;999;MOD_MELEE;torso_upper
  1:04 K;0;2;allies;[^2FFA^7]PingLordSupreme;0;7;axis;[^2FFA^7]MicrowaveSniper;knife_mp;999;MOD_MELEE;head
  1:05 K;0;10;axis;[^2FFA^7]RunsIntoWalls;0;8;allies;[^2FFA^7]ToasterWithAim;knife_mp;999;MOD_MELEE;head
  1:05 K;5945358;0;axis;Obey Vuqe;;-1;world;;none;10000;MOD_TRIGGER_HURT;none
  1:06 K;0;3;axis;[^2FFA^7]DefinitelyNotABot;0;8;allies;[^2FFA^7]ToasterWithAim;knife_mp;999;MOD_MELEE;head
  1:08 K;0;7;axis;[^2FFA^7]MicrowaveSniper;0;14;axis;[^2FFA^7]PacketLossWizard;knife_mp;999;MOD_MELEE;torso_upper
  1:08 K;0;5;allies;[^2FFA^7]RespawnSpeedrunner;0;8;allies;[^2FFA^7]ToasterWithAim;knife_mp;999;MOD_MELEE;head
  1:08 Weapon;0;13;AimPoweredByHope;scavenger_item_mp
  1:09 K;0;15;allies;[^2FFA^7]KeyboardChewer;0;12;allies;[^2FFA^7]CrouchSpamEnjoyer;knife_mp;999;MOD_MELEE;head
  1:10 K;0;12;allies;[^2FFA^7]CrouchSpamEnjoyer;0;9;axis;[^2FFA^7]404SkillNotFound;knife_mp;999;MOD_MELEE;head
  1:13 K;0;9;axis;[^2FFA^7]404SkillNotFound;0;1;axis;[^2FFA^7]NPC_MainCharacter;knife_mp;999;MOD_MELEE;head
  1:14 K;0;16;allies;[^2FFA^7]SirCrashesAlot;0;10;axis;[^2FFA^7]RunsIntoWalls;knife_mp;999;MOD_MELEE;head
  1:35 ExitLevel: executed
  1:35 ShutdownGame:
  1:35 ------------------------------------------------------------
